mode: set
github.com/sebastienrousseau/corral/internal/tui/tui.go:35.36,40.2 1 1
github.com/sebastienrousseau/corral/internal/tui/tui.go:43.31,45.2 1 1
github.com/sebastienrousseau/corral/internal/tui/tui.go:47.43,50.22 3 1
github.com/sebastienrousseau/corral/internal/tui/tui.go:50.22,52.3 1 1
github.com/sebastienrousseau/corral/internal/tui/tui.go:54.2,54.20 1 1
github.com/sebastienrousseau/corral/internal/tui/tui.go:55.15,56.13 1 1
github.com/sebastienrousseau/corral/internal/tui/tui.go:57.14,58.13 1 1
github.com/sebastienrousseau/corral/internal/tui/tui.go:59.15,60.13 1 1
github.com/sebastienrousseau/corral/internal/tui/tui.go:61.14,62.15 1 1
github.com/sebastienrousseau/corral/internal/tui/tui.go:63.17,64.33 1 1
github.com/sebastienrousseau/corral/internal/tui/tui.go:64.33,66.4 1 1
github.com/sebastienrousseau/corral/internal/tui/tui.go:66.9,66.39 1 1
github.com/sebastienrousseau/corral/internal/tui/tui.go:66.39,68.4 1 1
github.com/sebastienrousseau/corral/internal/tui/tui.go:72.57,73.27 1 1
github.com/sebastienrousseau/corral/internal/tui/tui.go:74.18,75.54 1 1
github.com/sebastienrousseau/corral/internal/tui/tui.go:75.54,78.4 2 1
github.com/sebastienrousseau/corral/internal/tui/tui.go:79.14,81.24 2 1
github.com/sebastienrousseau/corral/internal/tui/tui.go:81.24,84.4 2 1
github.com/sebastienrousseau/corral/internal/tui/tui.go:85.3,85.66 1 1
github.com/sebastienrousseau/corral/internal/tui/tui.go:86.25,89.16 3 1
github.com/sebastienrousseau/corral/internal/tui/tui.go:91.2,91.15 1 1
github.com/sebastienrousseau/corral/internal/tui/tui.go:99.30,107.27 6 1
github.com/sebastienrousseau/corral/internal/tui/tui.go:107.27,109.65 2 1
github.com/sebastienrousseau/corral/internal/tui/tui.go:109.65,111.4 1 1
github.com/sebastienrousseau/corral/internal/tui/tui.go:111.9,111.32 1 1
github.com/sebastienrousseau/corral/internal/tui/tui.go:111.32,113.4 1 1
github.com/sebastienrousseau/corral/internal/tui/tui.go:114.3,114.102 1 1
github.com/sebastienrousseau/corral/internal/tui/tui.go:117.2,117.16 1 1
github.com/sebastienrousseau/corral/internal/tui/tui.go:117.16,118.24 1 1
github.com/sebastienrousseau/corral/internal/tui/tui.go:118.24,120.4 1 1
github.com/sebastienrousseau/corral/internal/tui/tui.go:120.9,122.4 1 1
github.com/sebastienrousseau/corral/internal/tui/tui.go:123.3,123.131 1 1
github.com/sebastienrousseau/corral/internal/tui/tui.go:126.2,126.12 1 1
github.com/sebastienrousseau/corral/internal/github/github.go:24.58,26.17 2 1
github.com/sebastienrousseau/corral/internal/github/github.go:26.17,28.3 1 1
github.com/sebastienrousseau/corral/internal/github/github.go:30.2,37.56 5 1
github.com/sebastienrousseau/corral/internal/github/github.go:42.112,45.16 2 1
github.com/sebastienrousseau/corral/internal/github/github.go:45.16,47.3 1 1
github.com/sebastienrousseau/corral/internal/github/github.go:49.2,53.6 4 1
github.com/sebastienrousseau/corral/internal/github/github.go:53.6,58.12 4 1
github.com/sebastienrousseau/corral/internal/github/github.go:58.12,63.4 2 1
github.com/sebastienrousseau/corral/internal/github/github.go:63.9,68.4 2 1
github.com/sebastienrousseau/corral/internal/github/github.go:70.3,70.17 1 1
github.com/sebastienrousseau/corral/internal/github/github.go:70.17,72.4 1 1
github.com/sebastienrousseau/corral/internal/github/github.go:74.3,74.27 1 1
github.com/sebastienrousseau/corral/internal/github/github.go:74.27,75.43 1 1
github.com/sebastienrousseau/corral/internal/github/github.go:75.43,76.10 1 1
github.com/sebastienrousseau/corral/internal/github/github.go:78.4,79.25 2 1
github.com/sebastienrousseau/corral/internal/github/github.go:79.25,81.5 1 1
github.com/sebastienrousseau/corral/internal/github/github.go:82.4,83.90 2 1
github.com/sebastienrousseau/corral/internal/github/github.go:83.90,85.5 1 1
github.com/sebastienrousseau/corral/internal/github/github.go:87.4,88.30 2 1
github.com/sebastienrousseau/corral/internal/github/github.go:88.30,90.5 1 1
github.com/sebastienrousseau/corral/internal/github/github.go:92.4,93.25 2 1
github.com/sebastienrousseau/corral/internal/github/github.go:93.25,95.5 1 1
github.com/sebastienrousseau/corral/internal/github/github.go:96.4,97.23 2 1
github.com/sebastienrousseau/corral/internal/github/github.go:97.23,99.5 1 1
github.com/sebastienrousseau/corral/internal/github/github.go:101.4,108.6 1 1
github.com/sebastienrousseau/corral/internal/github/github.go:111.3,111.66 1 1
github.com/sebastienrousseau/corral/internal/github/github.go:111.66,112.9 1 1
github.com/sebastienrousseau/corral/internal/github/github.go:114.3,114.23 1 1
github.com/sebastienrousseau/corral/internal/github/github.go:117.2,117.22 1 1
github.com/sebastienrousseau/corral/internal/engine/engine.go:35.61,35.79 1 1
github.com/sebastienrousseau/corral/internal/engine/engine.go:40.128,42.12 2 1
github.com/sebastienrousseau/corral/internal/engine/engine.go:42.12,44.3 1 1
github.com/sebastienrousseau/corral/internal/engine/engine.go:46.2,46.11 1 1
github.com/sebastienrousseau/corral/internal/engine/engine.go:46.11,48.3 1 1
github.com/sebastienrousseau/corral/internal/engine/engine.go:48.8,50.3 1 1
github.com/sebastienrousseau/corral/internal/engine/engine.go:52.2,53.16 2 1
github.com/sebastienrousseau/corral/internal/engine/engine.go:53.16,57.3 3 1
github.com/sebastienrousseau/corral/internal/engine/engine.go:59.2,59.38 1 1
github.com/sebastienrousseau/corral/internal/engine/engine.go:59.38,61.3 1 1
github.com/sebastienrousseau/corral/internal/engine/engine.go:64.2,70.35 5 1
github.com/sebastienrousseau/corral/internal/engine/engine.go:70.35,72.13 2 1
github.com/sebastienrousseau/corral/internal/engine/engine.go:72.13,74.26 2 1
github.com/sebastienrousseau/corral/internal/engine/engine.go:74.26,77.5 2 1
github.com/sebastienrousseau/corral/internal/engine/engine.go:81.2,81.29 1 1
github.com/sebastienrousseau/corral/internal/engine/engine.go:81.29,87.3 5 1
github.com/sebastienrousseau/corral/internal/engine/engine.go:88.2,91.11 3 1
github.com/sebastienrousseau/corral/internal/engine/engine.go:91.11,94.13 3 1
github.com/sebastienrousseau/corral/internal/engine/engine.go:94.13,95.29 1 1
github.com/sebastienrousseau/corral/internal/engine/engine.go:95.29,97.5 1 1
github.com/sebastienrousseau/corral/internal/engine/engine.go:99.3,99.42 1 1
github.com/sebastienrousseau/corral/internal/engine/engine.go:99.42,101.4 1 1
github.com/sebastienrousseau/corral/internal/engine/engine.go:102.8,103.13 1 1
github.com/sebastienrousseau/corral/internal/engine/engine.go:103.13,104.29 1 1
github.com/sebastienrousseau/corral/internal/engine/engine.go:104.29,106.71 2 1
github.com/sebastienrousseau/corral/internal/engine/engine.go:106.71,108.6 1 1
github.com/sebastienrousseau/corral/internal/engine/engine.go:108.11,108.36 1 1
github.com/sebastienrousseau/corral/internal/engine/engine.go:108.36,110.6 1 1
github.com/sebastienrousseau/corral/internal/engine/engine.go:111.5,111.78 1 1
github.com/sebastienrousseau/corral/internal/engine/engine.go:116.2,121.13 4 1
github.com/sebastienrousseau/corral/internal/engine/engine.go:121.13,123.3 1 1
github.com/sebastienrousseau/corral/internal/engine/engine.go:126.44,127.16 1 1
github.com/sebastienrousseau/corral/internal/engine/engine.go:127.16,129.3 1 1
github.com/sebastienrousseau/corral/internal/engine/engine.go:130.2,131.15 2 1
github.com/sebastienrousseau/corral/internal/engine/engine.go:131.15,133.3 1 1
github.com/sebastienrousseau/corral/internal/engine/engine.go:133.8,133.23 1 1
github.com/sebastienrousseau/corral/internal/engine/engine.go:133.23,135.3 1 1
github.com/sebastienrousseau/corral/internal/engine/engine.go:136.2,138.27 3 1
github.com/sebastienrousseau/corral/internal/engine/engine.go:141.57,142.29 1 1
github.com/sebastienrousseau/corral/internal/engine/engine.go:142.29,148.66 5 1
github.com/sebastienrousseau/corral/internal/engine/engine.go:148.66,151.4 2 1
github.com/sebastienrousseau/corral/internal/engine/engine.go:155.42,157.16 2 1
github.com/sebastienrousseau/corral/internal/engine/engine.go:157.16,159.3 1 1
github.com/sebastienrousseau/corral/internal/engine/engine.go:160.2,160.32 1 1
github.com/sebastienrousseau/corral/internal/engine/engine.go:160.32,161.77 1 1
github.com/sebastienrousseau/corral/internal/engine/engine.go:161.77,164.4 2 1
github.com/sebastienrousseau/corral/internal/engine/engine.go:168.111,172.13 3 1
github.com/sebastienrousseau/corral/internal/engine/engine.go:172.13,174.3 1 1
github.com/sebastienrousseau/corral/internal/engine/engine.go:176.2,177.62 2 1
github.com/sebastienrousseau/corral/internal/engine/engine.go:177.62,178.13 1 1
github.com/sebastienrousseau/corral/internal/engine/engine.go:178.13,179.14 1 1
github.com/sebastienrousseau/corral/internal/engine/engine.go:179.14,181.5 1 1
github.com/sebastienrousseau/corral/internal/engine/engine.go:182.4,183.50 2 1
github.com/sebastienrousseau/corral/internal/engine/engine.go:183.50,185.5 1 1
github.com/sebastienrousseau/corral/internal/engine/engine.go:186.4,187.18 2 1
github.com/sebastienrousseau/corral/internal/engine/engine.go:187.18,189.5 1 1
github.com/sebastienrousseau/corral/internal/engine/engine.go:190.4,190.90 1 1
github.com/sebastienrousseau/corral/internal/engine/engine.go:192.3,192.84 1 1
github.com/sebastienrousseau/corral/internal/engine/engine.go:193.8,193.72 1 1
github.com/sebastienrousseau/corral/internal/engine/engine.go:193.72,195.3 1 1
github.com/sebastienrousseau/corral/internal/engine/engine.go:197.2,198.44 2 1
github.com/sebastienrousseau/corral/internal/engine/engine.go:198.44,200.3 1 1
github.com/sebastienrousseau/corral/internal/engine/engine.go:200.8,200.30 1 1
github.com/sebastienrousseau/corral/internal/engine/engine.go:200.30,202.3 1 1
github.com/sebastienrousseau/corral/internal/engine/engine.go:204.2,204.12 1 1
github.com/sebastienrousseau/corral/internal/engine/engine.go:204.12,206.3 1 1
github.com/sebastienrousseau/corral/internal/engine/engine.go:208.2,209.16 2 1
github.com/sebastienrousseau/corral/internal/engine/engine.go:209.16,211.3 1 1
github.com/sebastienrousseau/corral/internal/engine/engine.go:212.2,212.89 1 1
github.com/sebastienrousseau/corral/internal/engine/engine.go:215.64,218.26 3 1
github.com/sebastienrousseau/corral/internal/engine/engine.go:218.26,220.3 1 1
github.com/sebastienrousseau/corral/internal/engine/engine.go:222.2,223.78 2 1
github.com/sebastienrousseau/corral/internal/engine/engine.go:223.78,224.17 1 1
github.com/sebastienrousseau/corral/internal/engine/engine.go:224.17,226.4 1 1
github.com/sebastienrousseau/corral/internal/engine/engine.go:227.3,227.38 1 1
github.com/sebastienrousseau/corral/internal/engine/engine.go:227.38,231.100 4 1
github.com/sebastienrousseau/corral/internal/engine/engine.go:231.100,232.27 1 1
github.com/sebastienrousseau/corral/internal/engine/engine.go:232.27,234.6 1 1
github.com/sebastienrousseau/corral/internal/engine/engine.go:236.4,236.27 1 1
github.com/sebastienrousseau/corral/internal/engine/engine.go:238.3,238.13 1 1
github.com/sebastienrousseau/corral/internal/engine/engine.go:241.2,241.33 1 1
github.com/sebastienrousseau/corral/internal/engine/engine.go:241.33,243.3 1 1
github.com/sebastienrousseau/corral/internal/engine/engine.go:244.2,244.23 1 1
github.com/sebastienrousseau/corral/internal/engine/engine.go:244.23,246.3 1 1
github.com/sebastienrousseau/corral/internal/git/git.go:13.65,15.23 2 1
github.com/sebastienrousseau/corral/internal/git/git.go:15.23,17.3 1 1
github.com/sebastienrousseau/corral/internal/git/git.go:18.2,21.16 4 1
github.com/sebastienrousseau/corral/internal/git/git.go:21.16,23.3 1 1
github.com/sebastienrousseau/corral/internal/git/git.go:24.2,24.12 1 1
github.com/sebastienrousseau/corral/internal/git/git.go:29.59,31.23 2 1
github.com/sebastienrousseau/corral/internal/git/git.go:31.23,33.3 1 1
github.com/sebastienrousseau/corral/internal/git/git.go:34.2,36.16 3 1
github.com/sebastienrousseau/corral/internal/git/git.go:36.16,38.3 1 1
github.com/sebastienrousseau/corral/internal/git/git.go:39.2,39.12 1 1
github.com/sebastienrousseau/corral/internal/git/git.go:43.54,46.16 3 1
github.com/sebastienrousseau/corral/internal/git/git.go:46.16,48.3 1 1
github.com/sebastienrousseau/corral/internal/git/git.go:49.2,49.44 1 1
github.com/sebastienrousseau/corral/internal/git/git.go:53.53,56.16 3 1
github.com/sebastienrousseau/corral/internal/git/git.go:56.16,58.3 1 1
github.com/sebastienrousseau/corral/internal/git/git.go:59.2,59.44 1 1
github.com/sebastienrousseau/corral/cmd/root.go:29.47,32.20 3 1
github.com/sebastienrousseau/corral/cmd/root.go:32.20,34.4 1 1
github.com/sebastienrousseau/corral/cmd/root.go:35.3,36.20 2 1
github.com/sebastienrousseau/corral/cmd/root.go:36.20,37.61 1 1
github.com/sebastienrousseau/corral/cmd/root.go:37.61,41.5 3 1
github.com/sebastienrousseau/corral/cmd/root.go:43.3,43.98 1 1
github.com/sebastienrousseau/corral/cmd/root.go:49.16,50.42 1 1
github.com/sebastienrousseau/corral/cmd/root.go:50.42,53.3 2 1
github.com/sebastienrousseau/corral/cmd/root.go:55.13,65.2 9 1
github.com/sebastienrousseau/corral/main.go:9.13,11.2 1 1
